UPDATE 6
                                        Table "public.bikes"
+-----------+-----------------------+-----------+----------+----------------------------------------+
|  Column   |         Type          | Collation | Nullable |                Default                 |
+-----------+-----------------------+-----------+----------+----------------------------------------+
| bike_id   | integer               |           | not null | nextval('bikes_bike_id_seq'::regclass) |
| type      | character varying(50) |           | not null |                                        |
| size      | integer               |           | not null |                                        |
| available | boolean               |           | not null | true                                   |
+-----------+-----------------------+-----------+----------+----------------------------------------+
Indexes:
    "bikes_pkey" PRIMARY KEY, btree (bike_id)
Referenced by:
    TABLE "rentals" CONSTRAINT "rentals_bike_id_fkey" FOREIGN KEY (bike_id) REFERENCES bikes(bike_id)

UPDATE 9
                                           Table "public.customers"
+-------------+-----------------------+-----------+----------+------------------------------------------------+
|   Column    |         Type          | Collation | Nullable |                    Default                     |
+-------------+-----------------------+-----------+----------+------------------------------------------------+
| customer_id | integer               |           | not null | nextval('customers_customer_id_seq'::regclass) |
| phone       | character varying(15) |           | not null |                                                |
| name        | character varying(40) |           | not null |                                                |
+-------------+-----------------------+-----------+----------+------------------------------------------------+
Indexes:
    "customers_pkey" PRIMARY KEY, btree (customer_id)
    "customers_phone_key" UNIQUE CONSTRAINT, btree (phone)
Referenced by:
    TABLE "rentals" CONSTRAINT "rentals_customer_id_fkey" FOREIGN KEY (customer_id) REFERENCES customers(customer_id)

                 
+-------------+----------+------+
| customer_id |  phone   | name |
+-------------+----------+------+
|           1 | 555-5555 | Me   |
+-------------+----------+------+
(1 row)

                                  
+-----------+-------------+---------+-------------+---------------+
| rental_id | customer_id | bike_id | date_rented | date_returned |
+-----------+-------------+---------+-------------+---------------+
+-----------+-------------+---------+-------------+---------------+
(0 rows)

                     
+---------+----------+------+-----------+
| bike_id |   type   | size | available |
+---------+----------+------+-----------+
|       8 | BMX      |   19 | t         |
|       9 | BMX      |   20 | t         |
|      10 | BMX      |   21 | t         |
|       1 | Mountain |   27 | t         |
|       2 | Mountain |   28 | t         |
|       3 | Mountain |   29 | t         |
|       4 | Road     |   27 | t         |
|       6 | Road     |   28 | t         |
|       7 | Road     |   29 | t         |
+---------+----------+------+-----------+
(9 rows)

                                    Table "public.rentals"
+---------------+---------+-----------+----------+--------------------------------------------+
|    Column     |  Type   | Collation | Nullable |                  Default                   |
+---------------+---------+-----------+----------+--------------------------------------------+
| rental_id     | integer |           | not null | nextval('rentals_rental_id_seq'::regclass) |
| customer_id   | integer |           | not null |                                            |
| bike_id       | integer |           | not null |                                            |
| date_rented   | date    |           | not null | now()                                      |
| date_returned | date    |           |          |                                            |
+---------------+---------+-----------+----------+--------------------------------------------+
Indexes:
    "rentals_pkey" PRIMARY KEY, btree (rental_id)
Foreign-key constraints:
    "rentals_bike_id_fkey" FOREIGN KEY (bike_id) REFERENCES bikes(bike_id)
    "rentals_customer_id_fkey" FOREIGN KEY (customer_id) REFERENCES customers(customer_id)

                                  
+-----------+-------------+---------+-------------+---------------+
| rental_id | customer_id | bike_id | date_rented | date_returned |
+-----------+-------------+---------+-------------+---------------+
|         1 |           1 |       1 | 2025-03-05  |               |
+-----------+-------------+---------+-------------+---------------+
(1 row)

                     
+---------+----------+------+-----------+
| bike_id |   type   | size | available |
+---------+----------+------+-----------+
|       8 | BMX      |   19 | t         |
|       9 | BMX      |   20 | t         |
|      10 | BMX      |   21 | t         |
|       2 | Mountain |   28 | t         |
|       3 | Mountain |   29 | t         |
|       4 | Road     |   27 | t         |
|       6 | Road     |   28 | t         |
|       7 | Road     |   29 | t         |
|       1 | Mountain |   27 | f         |
+---------+----------+------+-----------+
(9 rows)

                     
+---------+----------+------+-----------+
| bike_id |   type   | size | available |
+---------+----------+------+-----------+
|       1 | Mountain |   27 | f         |
|       2 | Mountain |   28 | t         |
|       3 | Mountain |   29 | t         |
|       4 | Road     |   27 | t         |
|       6 | Road     |   28 | t         |
|       7 | Road     |   29 | t         |
|       8 | BMX      |   19 | t         |
|       9 | BMX      |   20 | t         |
|      10 | BMX      |   21 | t         |
+---------+----------+------+-----------+
(9 rows)

                     
+---------+----------+------+-----------+
| bike_id |   type   | size | available |
+---------+----------+------+-----------+
|       1 | Mountain |   27 | f         |
|       2 | Mountain |   28 | f         |
|       3 | Mountain |   29 | f         |
|       4 | Road     |   27 | f         |
|       6 | Road     |   28 | f         |
|       7 | Road     |   29 | f         |
|       8 | BMX      |   19 | f         |
|       9 | BMX      |   20 | t         |
|      10 | BMX      |   21 | t         |
+---------+----------+------+-----------+
(9 rows)

                 
+-------------+----------+------+
| customer_id |  phone   | name |
+-------------+----------+------+
|           1 | 555-5555 | Me   |
|           2 | 000-0000 | Test |
+-------------+----------+------+
(2 rows)

                                  
+-----------+-------------+---------+-------------+---------------+
| rental_id | customer_id | bike_id | date_rented | date_returned |
+-----------+-------------+---------+-------------+---------------+
|         1 |           1 |       1 | 2025-03-05  |               |
|         2 |           1 |       2 | 2025-03-05  |               |
|         3 |           1 |       3 | 2025-03-05  |               |
|         4 |           1 |       4 | 2025-03-05  |               |
|         5 |           1 |       6 | 2025-03-05  |               |
|         6 |           2 |       7 | 2025-03-05  |               |
|         7 |           2 |       8 | 2025-03-05  |               |
+-----------+-------------+---------+-------------+---------------+
(7 rows)

                     
+---------+----------+------+-----------+
| bike_id |   type   | size | available |
+---------+----------+------+-----------+
|       9 | BMX      |   20 | t         |
|      10 | BMX      |   21 | t         |
|       1 | Mountain |   27 | f         |
|       2 | Mountain |   28 | f         |
|       3 | Mountain |   29 | f         |
|       4 | Road     |   27 | f         |
|       6 | Road     |   28 | f         |
|       7 | Road     |   29 | f         |
|       8 | BMX      |   19 | f         |
+---------+----------+------+-----------+
(9 rows)

                                                 
+---------+----------+------+-----------+-----------+-------------+-------------+---------------+
| bike_id |   type   | size | available | rental_id | customer_id | date_rented | date_returned |
+---------+----------+------+-----------+-----------+-------------+-------------+---------------+
|       1 | Mountain |   27 | f         |         1 |           1 | 2025-03-05  |               |
|       2 | Mountain |   28 | f         |         2 |           1 | 2025-03-05  |               |
|       3 | Mountain |   29 | f         |         3 |           1 | 2025-03-05  |               |
|       4 | Road     |   27 | f         |         4 |           1 | 2025-03-05  |               |
|       6 | Road     |   28 | f         |         5 |           1 | 2025-03-05  |               |
|       7 | Road     |   29 | f         |         6 |           2 | 2025-03-05  |               |
|       8 | BMX      |   19 | f         |         7 |           2 | 2025-03-05  |               |
|      10 | BMX      |   21 | t         |           |             |             |               |
|       9 | BMX      |   20 | t         |           |             |             |               |
+---------+----------+------+-----------+-----------+-------------+-------------+---------------+
(9 rows)

                                                 
+---------+----------+------+-----------+-----------+-------------+-------------+---------------+
| bike_id |   type   | size | available | rental_id | customer_id | date_rented | date_returned |
+---------+----------+------+-----------+-----------+-------------+-------------+---------------+
|       1 | Mountain |   27 | f         |         1 |           1 | 2025-03-05  |               |
|       2 | Mountain |   28 | f         |         2 |           1 | 2025-03-05  |               |
|       3 | Mountain |   29 | f         |         3 |           1 | 2025-03-05  |               |
|       4 | Road     |   27 | f         |         4 |           1 | 2025-03-05  |               |
|       6 | Road     |   28 | f         |         5 |           1 | 2025-03-05  |               |
|       7 | Road     |   29 | f         |         6 |           2 | 2025-03-05  |               |
|       8 | BMX      |   19 | f         |         7 |           2 | 2025-03-05  |               |
+---------+----------+------+-----------+-----------+-------------+-------------+---------------+
(7 rows)

                                                          
+-------------+---------+----------+------+-----------+-----------+-------------+---------------+----------+------+
| customer_id | bike_id |   type   | size | available | rental_id | date_rented | date_returned |  phone   | name |
+-------------+---------+----------+------+-----------+-----------+-------------+---------------+----------+------+
|           1 |       1 | Mountain |   27 | f         |         1 | 2025-03-05  |               | 555-5555 | Me   |
|           1 |       2 | Mountain |   28 | f         |         2 | 2025-03-05  |               | 555-5555 | Me   |
|           1 |       3 | Mountain |   29 | f         |         3 | 2025-03-05  |               | 555-5555 | Me   |
|           1 |       4 | Road     |   27 | f         |         4 | 2025-03-05  |               | 555-5555 | Me   |
|           1 |       6 | Road     |   28 | f         |         5 | 2025-03-05  |               | 555-5555 | Me   |
|           2 |       7 | Road     |   29 | f         |         6 | 2025-03-05  |               | 000-0000 | Test |
|           2 |       8 | BMX      |   19 | f         |         7 | 2025-03-05  |               | 000-0000 | Test |
+-------------+---------+----------+------+-----------+-----------+-------------+---------------+----------+------+
(7 rows)

                                                          
+-------------+---------+----------+------+-----------+-----------+-------------+---------------+----------+------+
| customer_id | bike_id |   type   | size | available | rental_id | date_rented | date_returned |  phone   | name |
+-------------+---------+----------+------+-----------+-----------+-------------+---------------+----------+------+
|           1 |       1 | Mountain |   27 | f         |         1 | 2025-03-05  |               | 555-5555 | Me   |
|           1 |       2 | Mountain |   28 | f         |         2 | 2025-03-05  |               | 555-5555 | Me   |
|           1 |       3 | Mountain |   29 | f         |         3 | 2025-03-05  |               | 555-5555 | Me   |
|           1 |       4 | Road     |   27 | f         |         4 | 2025-03-05  |               | 555-5555 | Me   |
|           1 |       6 | Road     |   28 | f         |         5 | 2025-03-05  |               | 555-5555 | Me   |
+-------------+---------+----------+------+-----------+-----------+-------------+---------------+----------+------+
(5 rows)

               
+---------+----------+------+
| bike_id |   type   | size |
+---------+----------+------+
|       1 | Mountain |   27 |
|       2 | Mountain |   28 |
|       3 | Mountain |   29 |
|       4 | Road     |   27 |
|       6 | Road     |   28 |
+---------+----------+------+
(5 rows)

               
+---------+----------+------+
| bike_id |   type   | size |
+---------+----------+------+
|       1 | Mountain |   27 |
|       2 | Mountain |   28 |
|       3 | Mountain |   29 |
|       4 | Road     |   27 |
|       6 | Road     |   28 |
+---------+----------+------+
(5 rows)

      
+---------+
| bike_id |
+---------+
|       1 |
|       2 |
|       3 |
|       4 |
|       6 |
|       7 |
|       8 |
+---------+
(7 rows)

      
+---------+
| bike_id |
+---------+
|       1 |
|       2 |
|       3 |
|       4 |
|       6 |
|       7 |
|       8 |
+---------+
(7 rows)

      
+---------+
| bike_id |
+---------+
|       1 |
|       2 |
|       3 |
|       4 |
|       6 |
|       7 |
|       8 |
+---------+
(7 rows)

                                           
+-------------+-----------+---------+-------------+---------------+----------+------+
| customer_id | rental_id | bike_id | date_rented | date_returned |  phone   | name |
+-------------+-----------+---------+-------------+---------------+----------+------+
|           1 |         1 |       1 | 2025-03-05  |               | 555-5555 | Me   |
|           1 |         2 |       2 | 2025-03-05  |               | 555-5555 | Me   |
|           1 |         3 |       3 | 2025-03-05  |               | 555-5555 | Me   |
|           1 |         4 |       4 | 2025-03-05  |               | 555-5555 | Me   |
|           1 |         5 |       6 | 2025-03-05  |               | 555-5555 | Me   |
|           2 |         6 |       7 | 2025-03-05  |               | 000-0000 | Test |
|           2 |         7 |       8 | 2025-03-05  |               | 000-0000 | Test |
+-------------+-----------+---------+-------------+---------------+----------+------+
(7 rows)

                                           
+-------------+-----------+---------+-------------+---------------+----------+------+
| customer_id | rental_id | bike_id | date_rented | date_returned |  phone   | name |
+-------------+-----------+---------+-------------+---------------+----------+------+
|           1 |         1 |       1 | 2025-03-05  |               | 555-5555 | Me   |
+-------------+-----------+---------+-------------+---------------+----------+------+
(1 row)

      
+---------+
| bike_id |
+---------+
|       1 |
+---------+
(1 row)

       
+-----------+
| rental_id |
+-----------+
|         1 |
+-----------+
(1 row)

                     
+---------+----------+------+-----------+
| bike_id |   type   | size | available |
+---------+----------+------+-----------+
|       9 | BMX      |   20 | t         |
|      10 | BMX      |   21 | t         |
|       1 | Mountain |   27 | f         |
|       2 | Mountain |   28 | f         |
|       3 | Mountain |   29 | f         |
|       4 | Road     |   27 | f         |
|       6 | Road     |   28 | f         |
|       7 | Road     |   29 | f         |
|       8 | BMX      |   19 | f         |
+---------+----------+------+-----------+
(9 rows)

                                  
+-----------+-------------+---------+-------------+---------------+
| rental_id | customer_id | bike_id | date_rented | date_returned |
+-----------+-------------+---------+-------------+---------------+
|         2 |           1 |       2 | 2025-03-05  |               |
|         3 |           1 |       3 | 2025-03-05  |               |
|         4 |           1 |       4 | 2025-03-05  |               |
|         5 |           1 |       6 | 2025-03-05  |               |
|         6 |           2 |       7 | 2025-03-05  |               |
|         7 |           2 |       8 | 2025-03-05  |               |
|         1 |           1 |       1 | 2025-03-05  | 2025-03-06    |
+-----------+-------------+---------+-------------+---------------+
(7 rows)

                     
+---------+----------+------+-----------+
| bike_id |   type   | size | available |
+---------+----------+------+-----------+
|       1 | Mountain |   27 | t         |
|       2 | Mountain |   28 | f         |
|       3 | Mountain |   29 | f         |
|       4 | Road     |   27 | f         |
|       6 | Road     |   28 | f         |
|       7 | Road     |   29 | f         |
|       8 | BMX      |   19 | f         |
|       9 | BMX      |   20 | t         |
|      10 | BMX      |   21 | t         |
+---------+----------+------+-----------+
(9 rows)

                     
+---------+----------+------+-----------+
| bike_id |   type   | size | available |
+---------+----------+------+-----------+
|       1 | Mountain |   27 | t         |
|       2 | Mountain |   28 | t         |
|       3 | Mountain |   29 | t         |
|       4 | Road     |   27 | t         |
|       6 | Road     |   28 | t         |
|       7 | Road     |   29 | t         |
|       8 | BMX      |   19 | t         |
|       9 | BMX      |   20 | t         |
|      10 | BMX      |   21 | t         |
+---------+----------+------+-----------+
(9 rows)

